2022-02-16 07:17:26,121 INFO salesSystem.Helper.Logging [http-nio-8080-exec-1] Method invoked class salesSystem.Controller.ProductController : addProduct() arguments : [{"id":"E3A4B8AA-C4D4-47E9-9225-3C20EADF325C","name":"Apple MacBook Air","description":"8-core CPU and 7-core GPU, 8GB of RAM and 256GB SSD","category":"laptop","creationDate":"22/1/2020"}]
2022-02-16 07:17:26,159 INFO salesSystem.Helper.Logging [http-nio-8080-exec-1] Method invoked class salesSystem.Service.ProductService : addProduct() arguments : [{"id":"E3A4B8AA-C4D4-47E9-9225-3C20EADF325C","name":"Apple MacBook Air","description":"8-core CPU and 7-core GPU, 8GB of RAM and 256GB SSD","category":"laptop","creationDate":"22/1/2020"}]
2022-02-16 07:17:26,177 INFO salesSystem.Helper.Logging [http-nio-8080-exec-1] Method invoked class jdk.proxy2.$Proxy101 : save() arguments : [{"id":"E3A4B8AA-C4D4-47E9-9225-3C20EADF325C","name":"Apple MacBook Air","description":"8-core CPU and 7-core GPU, 8GB of RAM and 256GB SSD","category":"laptop","creationDate":"22/1/2020"}]
2022-02-16 07:17:26,672 INFO salesSystem.Helper.Logging [http-nio-8080-exec-1] class jdk.proxy2.$Proxy101 : save() Response : {"id":"E3A4B8AA-C4D4-47E9-9225-3C20EADF325C","name":"Apple MacBook Air","description":"8-core CPU and 7-core GPU, 8GB of RAM and 256GB SSD","category":"laptop","creationDate":"22/1/2020"} Execution time : 493 ms
2022-02-16 07:17:26,672 INFO salesSystem.Helper.Logging [http-nio-8080-exec-1] class salesSystem.Service.ProductService : addProduct() Response : null Execution time : 512 ms
2022-02-16 07:17:26,672 INFO salesSystem.Helper.Logging [http-nio-8080-exec-1] class salesSystem.Controller.ProductController : addProduct() Response : null Execution time : 549 ms
2022-02-16 07:17:33,837 INFO salesSystem.Helper.Logging [http-nio-8080-exec-3] Method invoked class salesSystem.Controller.ClientController : addClient() arguments : [{"id":"usxM9pH0h0aGxyzSFZ5TKA==","name":"Sumaya","lastName":"Ali","mobile":"00963937823211"}]
2022-02-16 07:17:33,868 INFO salesSystem.Helper.Logging [http-nio-8080-exec-3] Method invoked class salesSystem.Service.ClientService : addClient() arguments : [{"id":"usxM9pH0h0aGxyzSFZ5TKA==","name":"Sumaya","lastName":"Ali","mobile":"00963937823211"}]
2022-02-16 07:17:33,904 INFO salesSystem.Helper.Logging [http-nio-8080-exec-3] Method invoked class jdk.proxy2.$Proxy99 : save() arguments : [{"id":"usxM9pH0h0aGxyzSFZ5TKA==","name":"Sumaya","lastName":"Ali","mobile":"00963937823211"}]
2022-02-16 07:17:33,980 INFO salesSystem.Helper.Logging [http-nio-8080-exec-3] class jdk.proxy2.$Proxy99 : save() Response : {"id":"usxM9pH0h0aGxyzSFZ5TKA==","name":"Sumaya","lastName":"Ali","mobile":"00963937823211"} Execution time : 75 ms
2022-02-16 07:17:33,980 INFO salesSystem.Helper.Logging [http-nio-8080-exec-3] class salesSystem.Service.ClientService : addClient() Response : null Execution time : 111 ms
2022-02-16 07:17:33,981 INFO salesSystem.Helper.Logging [http-nio-8080-exec-3] class salesSystem.Controller.ClientController : addClient() Response : null Execution time : 143 ms
2022-02-16 07:17:44,608 INFO salesSystem.Helper.Logging [http-nio-8080-exec-4] Method invoked class salesSystem.Controller.SaleController : addSale() arguments : [{"id":"faYOjE0cr0eznZITtlJCjw==","seller":"Samar","client":{"id":"usxM9pH0h0aGxyzSFZ5TKA==","name":null,"lastName":null,"mobile":null},"creationDate":"26/1/2022"}]
2022-02-16 07:17:44,634 INFO salesSystem.Helper.Logging [http-nio-8080-exec-4] Method invoked class salesSystem.Service.SaleService : addSale() arguments : [{"id":"faYOjE0cr0eznZITtlJCjw==","seller":"Samar","client":{"id":"usxM9pH0h0aGxyzSFZ5TKA==","name":null,"lastName":null,"mobile":null},"creationDate":"26/1/2022"}]
2022-02-16 07:17:44,664 INFO salesSystem.Helper.Logging [http-nio-8080-exec-4] Method invoked class jdk.proxy2.$Proxy102 : save() arguments : [{"id":"faYOjE0cr0eznZITtlJCjw==","seller":"Samar","client":{"id":"usxM9pH0h0aGxyzSFZ5TKA==","name":null,"lastName":null,"mobile":null},"creationDate":"26/1/2022"}]
2022-02-16 07:17:44,734 INFO salesSystem.Helper.Logging [http-nio-8080-exec-4] class jdk.proxy2.$Proxy102 : save() Response : {"id":"faYOjE0cr0eznZITtlJCjw==","seller":"Samar","client":{"id":"usxM9pH0h0aGxyzSFZ5TKA==","name":"Sumaya","lastName":"Ali","mobile":"00963937823211"},"creationDate":"26/1/2022"} Execution time : 69 ms
2022-02-16 07:17:44,735 INFO salesSystem.Helper.Logging [http-nio-8080-exec-4] class salesSystem.Service.SaleService : addSale() Response : null Execution time : 97 ms
2022-02-16 07:17:44,735 INFO salesSystem.Helper.Logging [http-nio-8080-exec-4] class salesSystem.Controller.SaleController : addSale() Response : null Execution time : 126 ms
2022-02-16 07:17:51,688 INFO salesSystem.Helper.Logging [http-nio-8080-exec-5] Method invoked class salesSystem.Controller.SaleTransactionController : addSaleTransaction() arguments : [{"id":"93BEFA84-0828-447B-A529-DE7BA7E06BFB","sale":{"id":"faYOjE0cr0eznZITtlJCjw==","seller":null,"client":null,"creationDate":null},"product":{"id":"E3A4B8AA-C4D4-47E9-9225-3C20EADF325C","name":null,"description":null,"category":null,"creationDate":null},"quantity":24,"price":55.2}]
2022-02-16 07:17:51,705 INFO salesSystem.Helper.Logging [http-nio-8080-exec-5] Method invoked class salesSystem.Service.SaleTransactionService : addSaleTransaction() arguments : [{"id":"93BEFA84-0828-447B-A529-DE7BA7E06BFB","sale":{"id":"faYOjE0cr0eznZITtlJCjw==","seller":null,"client":null,"creationDate":null},"product":{"id":"E3A4B8AA-C4D4-47E9-9225-3C20EADF325C","name":null,"description":null,"category":null,"creationDate":null},"quantity":24,"price":55.2}]
2022-02-16 07:17:51,726 INFO salesSystem.Helper.Logging [http-nio-8080-exec-5] Method invoked class jdk.proxy2.$Proxy104 : save() arguments : [{"id":"93BEFA84-0828-447B-A529-DE7BA7E06BFB","sale":{"id":"faYOjE0cr0eznZITtlJCjw==","seller":null,"client":null,"creationDate":null},"product":{"id":"E3A4B8AA-C4D4-47E9-9225-3C20EADF325C","name":null,"description":null,"category":null,"creationDate":null},"quantity":24,"price":55.2}]
2022-02-16 07:17:51,799 INFO salesSystem.Helper.Logging [http-nio-8080-exec-5] class jdk.proxy2.$Proxy104 : save() Response : {"id":"93BEFA84-0828-447B-A529-DE7BA7E06BFB","sale":{"id":"faYOjE0cr0eznZITtlJCjw==","seller":"Samar","client":{"id":"usxM9pH0h0aGxyzSFZ5TKA==","name":"Sumaya","lastName":"Ali","mobile":"00963937823211"},"creationDate":"26/1/2022"},"product":{"id":"E3A4B8AA-C4D4-47E9-9225-3C20EADF325C","name":"Apple MacBook Air","description":"8-core CPU and 7-core GPU, 8GB of RAM and 256GB SSD","category":"laptop","creationDate":"22/1/2020"},"quantity":24,"price":55.2} Execution time : 69 ms
2022-02-16 07:17:51,800 INFO salesSystem.Helper.Logging [http-nio-8080-exec-5] class salesSystem.Service.SaleTransactionService : addSaleTransaction() Response : null Execution time : 93 ms
2022-02-16 07:17:51,800 INFO salesSystem.Helper.Logging [http-nio-8080-exec-5] class salesSystem.Controller.SaleTransactionController : addSaleTransaction() Response : null Execution time : 111 ms
2022-02-16 07:18:21,446 INFO salesSystem.Helper.Logging [http-nio-8080-exec-6] Method invoked class salesSystem.Controller.SaleController : getAllSales() arguments : []
2022-02-16 07:18:21,447 INFO salesSystem.Helper.Logging [http-nio-8080-exec-6] Method invoked class salesSystem.Service.SaleService : getAllSales() arguments : []
2022-02-16 07:18:21,450 INFO salesSystem.Helper.Logging [http-nio-8080-exec-6] Method invoked class jdk.proxy2.$Proxy102 : findAll() arguments : []
2022-02-16 07:18:21,701 INFO salesSystem.Helper.Logging [http-nio-8080-exec-6] class jdk.proxy2.$Proxy102 : findAll() Response : [{"id":"faYOjE0cr0eznZITtlJCjw==","seller":"Samar","client":{"id":"usxM9pH0h0aGxyzSFZ5TKA==","name":"Sumaya","lastName":"Ali","mobile":"00963937823211"},"creationDate":"26/1/2022"}] Execution time : 245 ms
2022-02-16 07:18:21,704 INFO salesSystem.Helper.Logging [http-nio-8080-exec-6] class salesSystem.Service.SaleService : getAllSales() Response : [{"id":"faYOjE0cr0eznZITtlJCjw==","seller":"Samar","client":{"id":"usxM9pH0h0aGxyzSFZ5TKA==","name":"Sumaya","lastName":"Ali","mobile":"00963937823211"},"creationDate":"26/1/2022"}] Execution time : 254 ms
2022-02-16 07:18:21,706 INFO salesSystem.Helper.Logging [http-nio-8080-exec-6] class salesSystem.Controller.SaleController : getAllSales() Response : [{"id":"faYOjE0cr0eznZITtlJCjw==","seller":"Samar","client":{"id":"usxM9pH0h0aGxyzSFZ5TKA==","name":"Sumaya","lastName":"Ali","mobile":"00963937823211"},"creationDate":"26/1/2022"}] Execution time : 257 ms
2022-02-16 07:18:30,438 INFO salesSystem.Helper.Logging [http-nio-8080-exec-7] Method invoked class salesSystem.Controller.SaleTransactionController : getAllSaleTransactions() arguments : ["faYOjE0cr0eznZITtlJCjw=="]
2022-02-16 07:18:30,438 INFO salesSystem.Helper.Logging [http-nio-8080-exec-7] Method invoked class salesSystem.Service.SaleTransactionService : getAllSaleTransactions() arguments : ["faYOjE0cr0eznZITtlJCjw=="]
2022-02-16 07:18:30,439 INFO salesSystem.Helper.Logging [http-nio-8080-exec-7] Method invoked class jdk.proxy2.$Proxy104 : findBySaleId() arguments : ["faYOjE0cr0eznZITtlJCjw=="]
2022-02-16 07:18:30,507 INFO salesSystem.Helper.Logging [http-nio-8080-exec-7] class jdk.proxy2.$Proxy104 : findBySaleId() Response : [{"id":"93BEFA84-0828-447B-A529-DE7BA7E06BFB","sale":{"id":"faYOjE0cr0eznZITtlJCjw==","seller":"Samar","client":{"id":"usxM9pH0h0aGxyzSFZ5TKA==","name":"Sumaya","lastName":"Ali","mobile":"00963937823211"},"creationDate":"26/1/2022"},"product":{"id":"E3A4B8AA-C4D4-47E9-9225-3C20EADF325C","name":"Apple MacBook Air","description":"8-core CPU and 7-core GPU, 8GB of RAM and 256GB SSD","category":"laptop","creationDate":"22/1/2020"},"quantity":24,"price":55.2}] Execution time : 63 ms
2022-02-16 07:18:30,512 INFO salesSystem.Helper.Logging [http-nio-8080-exec-7] class salesSystem.Service.SaleTransactionService : getAllSaleTransactions() Response : [{"id":"93BEFA84-0828-447B-A529-DE7BA7E06BFB","sale":{"id":"faYOjE0cr0eznZITtlJCjw==","seller":"Samar","client":{"id":"usxM9pH0h0aGxyzSFZ5TKA==","name":"Sumaya","lastName":"Ali","mobile":"00963937823211"},"creationDate":"26/1/2022"},"product":{"id":"E3A4B8AA-C4D4-47E9-9225-3C20EADF325C","name":"Apple MacBook Air","description":"8-core CPU and 7-core GPU, 8GB of RAM and 256GB SSD","category":"laptop","creationDate":"22/1/2020"},"quantity":24,"price":55.2}] Execution time : 69 ms
2022-02-16 07:18:30,522 INFO salesSystem.Helper.Logging [http-nio-8080-exec-7] class salesSystem.Controller.SaleTransactionController : getAllSaleTransactions() Response : [{"id":"93BEFA84-0828-447B-A529-DE7BA7E06BFB","sale":{"id":"faYOjE0cr0eznZITtlJCjw==","seller":"Samar","client":{"id":"usxM9pH0h0aGxyzSFZ5TKA==","name":"Sumaya","lastName":"Ali","mobile":"00963937823211"},"creationDate":"26/1/2022"},"product":{"id":"E3A4B8AA-C4D4-47E9-9225-3C20EADF325C","name":"Apple MacBook Air","description":"8-core CPU and 7-core GPU, 8GB of RAM and 256GB SSD","category":"laptop","creationDate":"22/1/2020"},"quantity":24,"price":55.2}] Execution time : 75 ms
2022-02-16 07:18:36,606 INFO salesSystem.Helper.Logging [http-nio-8080-exec-8] Method invoked class salesSystem.Controller.SaleTransactionController : getSaleTransaction() arguments : ["93BEFA84-0828-447B-A529-DE7BA7E06BFB"]
2022-02-16 07:18:36,606 INFO salesSystem.Helper.Logging [http-nio-8080-exec-8] Method invoked class salesSystem.Service.SaleTransactionService : getSaleTransaction() arguments : ["93BEFA84-0828-447B-A529-DE7BA7E06BFB"]
2022-02-16 07:18:36,607 INFO salesSystem.Helper.Logging [http-nio-8080-exec-8] Method invoked class jdk.proxy2.$Proxy104 : findById() arguments : ["93BEFA84-0828-447B-A529-DE7BA7E06BFB"]
2022-02-16 07:18:36,636 INFO salesSystem.Helper.Logging [http-nio-8080-exec-8] class jdk.proxy2.$Proxy104 : findById() Response : {"empty":false,"present":true} Execution time : 27 ms
2022-02-16 07:18:36,639 INFO salesSystem.Helper.Logging [http-nio-8080-exec-8] class salesSystem.Service.SaleTransactionService : getSaleTransaction() Response : {"id":"93BEFA84-0828-447B-A529-DE7BA7E06BFB","sale":{"id":"faYOjE0cr0eznZITtlJCjw==","seller":"Samar","client":{"id":"usxM9pH0h0aGxyzSFZ5TKA==","name":"Sumaya","lastName":"Ali","mobile":"00963937823211"},"creationDate":"26/1/2022"},"product":{"id":"E3A4B8AA-C4D4-47E9-9225-3C20EADF325C","name":"Apple MacBook Air","description":"8-core CPU and 7-core GPU, 8GB of RAM and 256GB SSD","category":"laptop","creationDate":"22/1/2020"},"quantity":24,"price":55.2} Execution time : 29 ms
2022-02-16 07:18:36,646 INFO salesSystem.Helper.Logging [http-nio-8080-exec-8] class salesSystem.Controller.SaleTransactionController : getSaleTransaction() Response : {"id":"93BEFA84-0828-447B-A529-DE7BA7E06BFB","sale":{"id":"faYOjE0cr0eznZITtlJCjw==","seller":"Samar","client":{"id":"usxM9pH0h0aGxyzSFZ5TKA==","name":"Sumaya","lastName":"Ali","mobile":"00963937823211"},"creationDate":"26/1/2022"},"product":{"id":"E3A4B8AA-C4D4-47E9-9225-3C20EADF325C","name":"Apple MacBook Air","description":"8-core CPU and 7-core GPU, 8GB of RAM and 256GB SSD","category":"laptop","creationDate":"22/1/2020"},"quantity":24,"price":55.2} Execution time : 33 ms
2022-02-16 07:19:04,807 INFO salesSystem.Helper.Logging [http-nio-8080-exec-9] Method invoked class salesSystem.Controller.ClientController : getAllClients() arguments : []
2022-02-16 07:19:04,808 INFO salesSystem.Helper.Logging [http-nio-8080-exec-9] Method invoked class salesSystem.Service.ClientService : getAllClients() arguments : []
2022-02-16 07:19:04,809 INFO salesSystem.Helper.Logging [http-nio-8080-exec-9] Method invoked class jdk.proxy2.$Proxy99 : findAll() arguments : []
2022-02-16 07:19:04,829 INFO salesSystem.Helper.Logging [http-nio-8080-exec-9] class jdk.proxy2.$Proxy99 : findAll() Response : [{"id":"usxM9pH0h0aGxyzSFZ5TKA==","name":"Sumaya","lastName":"Ali","mobile":"00963937823211"}] Execution time : 18 ms
2022-02-16 07:19:04,832 INFO salesSystem.Helper.Logging [http-nio-8080-exec-9] class salesSystem.Service.ClientService : getAllClients() Response : [{"id":"usxM9pH0h0aGxyzSFZ5TKA==","name":"Sumaya","lastName":"Ali","mobile":"00963937823211"}] Execution time : 21 ms
2022-02-16 07:19:04,833 INFO salesSystem.Helper.Logging [http-nio-8080-exec-9] class salesSystem.Controller.ClientController : getAllClients() Response : [{"id":"usxM9pH0h0aGxyzSFZ5TKA==","name":"Sumaya","lastName":"Ali","mobile":"00963937823211"}] Execution time : 24 ms
2022-02-16 07:19:08,826 INFO salesSystem.Helper.Logging [http-nio-8080-exec-10] Method invoked class salesSystem.Controller.ClientController : getClient() arguments : [":id"]
2022-02-16 07:19:08,827 INFO salesSystem.Helper.Logging [http-nio-8080-exec-10] Method invoked class salesSystem.Service.ClientService : getClient() arguments : [":id"]
2022-02-16 07:19:08,828 INFO salesSystem.Helper.Logging [http-nio-8080-exec-10] Method invoked class jdk.proxy2.$Proxy99 : findById() arguments : [":id"]
2022-02-16 07:19:08,833 INFO salesSystem.Helper.Logging [http-nio-8080-exec-10] class jdk.proxy2.$Proxy99 : findById() Response : {"empty":true,"present":false} Execution time : 3 ms
2022-02-16 07:19:08,833 INFO salesSystem.Helper.Logging [http-nio-8080-exec-10] class salesSystem.Service.ClientService : getClient() Response : null Execution time : 5 ms
2022-02-16 07:19:08,833 INFO salesSystem.Helper.Logging [http-nio-8080-exec-10] class salesSystem.Controller.ClientController : getClient() Response : null Execution time : 6 ms
2022-02-16 07:19:56,150 INFO salesSystem.Helper.Logging [http-nio-8080-exec-2] Method invoked class salesSystem.Controller.ClientController : getClient() arguments : ["usxM9pH0h0aGxyzSFZ5TKA=="]
2022-02-16 07:19:56,151 INFO salesSystem.Helper.Logging [http-nio-8080-exec-2] Method invoked class salesSystem.Service.ClientService : getClient() arguments : ["usxM9pH0h0aGxyzSFZ5TKA=="]
2022-02-16 07:19:56,153 INFO salesSystem.Helper.Logging [http-nio-8080-exec-2] Method invoked class jdk.proxy2.$Proxy99 : findById() arguments : ["usxM9pH0h0aGxyzSFZ5TKA=="]
2022-02-16 07:19:56,160 INFO salesSystem.Helper.Logging [http-nio-8080-exec-2] class jdk.proxy2.$Proxy99 : findById() Response : {"empty":false,"present":true} Execution time : 4 ms
2022-02-16 07:19:56,162 INFO salesSystem.Helper.Logging [http-nio-8080-exec-2] class salesSystem.Service.ClientService : getClient() Response : {"id":"usxM9pH0h0aGxyzSFZ5TKA==","name":"Sumaya","lastName":"Ali","mobile":"00963937823211"} Execution time : 8 ms
2022-02-16 07:19:56,171 INFO salesSystem.Helper.Logging [http-nio-8080-exec-2] class salesSystem.Controller.ClientController : getClient() Response : {"id":"usxM9pH0h0aGxyzSFZ5TKA==","name":"Sumaya","lastName":"Ali","mobile":"00963937823211"} Execution time : 12 ms
2022-02-16 07:20:16,446 INFO salesSystem.Helper.Logging [http-nio-8080-exec-1] Method invoked class salesSystem.Controller.ClientController : getAllClients() arguments : []
2022-02-16 07:20:16,447 INFO salesSystem.Helper.Logging [http-nio-8080-exec-1] Method invoked class salesSystem.Service.ClientService : getAllClients() arguments : []
2022-02-16 07:20:16,447 INFO salesSystem.Helper.Logging [http-nio-8080-exec-1] Method invoked class jdk.proxy2.$Proxy99 : findAll() arguments : []
2022-02-16 07:20:16,454 INFO salesSystem.Helper.Logging [http-nio-8080-exec-1] class jdk.proxy2.$Proxy99 : findAll() Response : [{"id":"usxM9pH0h0aGxyzSFZ5TKA==","name":"Sumaya","lastName":"Ali","mobile":"00963937823211"}] Execution time : 4 ms
2022-02-16 07:20:16,456 INFO salesSystem.Helper.Logging [http-nio-8080-exec-1] class salesSystem.Service.ClientService : getAllClients() Response : [{"id":"usxM9pH0h0aGxyzSFZ5TKA==","name":"Sumaya","lastName":"Ali","mobile":"00963937823211"}] Execution time : 7 ms
2022-02-16 07:20:16,458 INFO salesSystem.Helper.Logging [http-nio-8080-exec-1] class salesSystem.Controller.ClientController : getAllClients() Response : [{"id":"usxM9pH0h0aGxyzSFZ5TKA==","name":"Sumaya","lastName":"Ali","mobile":"00963937823211"}] Execution time : 10 ms
2022-02-16 07:20:26,609 INFO salesSystem.Helper.Logging [http-nio-8080-exec-3] Method invoked class salesSystem.Controller.ProductController : getAllProducts() arguments : []
2022-02-16 07:20:26,612 INFO salesSystem.Helper.Logging [http-nio-8080-exec-3] Method invoked class salesSystem.Service.ProductService : getAllProducts() arguments : []
2022-02-16 07:20:26,613 INFO salesSystem.Helper.Logging [http-nio-8080-exec-3] Method invoked class jdk.proxy2.$Proxy101 : findAll() arguments : []
2022-02-16 07:20:26,637 INFO salesSystem.Helper.Logging [http-nio-8080-exec-3] class jdk.proxy2.$Proxy101 : findAll() Response : [{"id":"E3A4B8AA-C4D4-47E9-9225-3C20EADF325C","name":"Apple MacBook Air","description":"8-core CPU and 7-core GPU, 8GB of RAM and 256GB SSD","category":"laptop","creationDate":"22/1/2020"}] Execution time : 21 ms
2022-02-16 07:20:26,639 INFO salesSystem.Helper.Logging [http-nio-8080-exec-3] class salesSystem.Service.ProductService : getAllProducts() Response : [{"id":"E3A4B8AA-C4D4-47E9-9225-3C20EADF325C","name":"Apple MacBook Air","description":"8-core CPU and 7-core GPU, 8GB of RAM and 256GB SSD","category":"laptop","creationDate":"22/1/2020"}] Execution time : 25 ms
2022-02-16 07:20:26,641 INFO salesSystem.Helper.Logging [http-nio-8080-exec-3] class salesSystem.Controller.ProductController : getAllProducts() Response : [{"id":"E3A4B8AA-C4D4-47E9-9225-3C20EADF325C","name":"Apple MacBook Air","description":"8-core CPU and 7-core GPU, 8GB of RAM and 256GB SSD","category":"laptop","creationDate":"22/1/2020"}] Execution time : 28 ms
2022-02-16 07:20:42,585 INFO salesSystem.Helper.Logging [http-nio-8080-exec-4] Method invoked class salesSystem.Controller.SaleTransactionController : updateSaleTransaction() arguments : [{"id":"93BEFA84-0828-447B-A529-DE7BA7E06BFB","sale":{"id":"faYOjE0cr0eznZITtlJCjw==","seller":null,"client":null,"creationDate":null},"product":{"id":"E3A4B8AA-C4D4-47E9-9225-3C20EADF325C","name":null,"description":null,"category":null,"creationDate":null},"quantity":70,"price":55.2}]
2022-02-16 07:20:42,595 INFO salesSystem.Helper.Logging [http-nio-8080-exec-4] Method invoked class salesSystem.Service.SaleTransactionService : updateSaleTransaction() arguments : [{"id":"93BEFA84-0828-447B-A529-DE7BA7E06BFB","sale":{"id":"faYOjE0cr0eznZITtlJCjw==","seller":null,"client":null,"creationDate":null},"product":{"id":"E3A4B8AA-C4D4-47E9-9225-3C20EADF325C","name":null,"description":null,"category":null,"creationDate":null},"quantity":70,"price":55.2}]
2022-02-16 07:20:42,599 INFO salesSystem.Helper.Logging [http-nio-8080-exec-4] Method invoked class jdk.proxy2.$Proxy104 : save() arguments : [{"id":"93BEFA84-0828-447B-A529-DE7BA7E06BFB","sale":{"id":"faYOjE0cr0eznZITtlJCjw==","seller":null,"client":null,"creationDate":null},"product":{"id":"E3A4B8AA-C4D4-47E9-9225-3C20EADF325C","name":null,"description":null,"category":null,"creationDate":null},"quantity":70,"price":55.2}]
2022-02-16 07:20:42,632 INFO salesSystem.Helper.Logging [http-nio-8080-exec-4] class jdk.proxy2.$Proxy104 : save() Response : {"id":"93BEFA84-0828-447B-A529-DE7BA7E06BFB","sale":{"id":"faYOjE0cr0eznZITtlJCjw==","seller":"Samar","client":{"id":"usxM9pH0h0aGxyzSFZ5TKA==","name":"Sumaya","lastName":"Ali","mobile":"00963937823211"},"creationDate":"26/1/2022"},"product":{"id":"E3A4B8AA-C4D4-47E9-9225-3C20EADF325C","name":"Apple MacBook Air","description":"8-core CPU and 7-core GPU, 8GB of RAM and 256GB SSD","category":"laptop","creationDate":"22/1/2020"},"quantity":70,"price":55.2} Execution time : 31 ms
2022-02-16 07:20:42,633 INFO salesSystem.Helper.Logging [http-nio-8080-exec-4] class salesSystem.Service.SaleTransactionService : updateSaleTransaction() Response : null Execution time : 37 ms
2022-02-16 07:20:42,633 INFO salesSystem.Helper.Logging [http-nio-8080-exec-4] class salesSystem.Controller.SaleTransactionController : updateSaleTransaction() Response : null Execution time : 47 ms
2022-02-16 07:20:52,355 INFO salesSystem.Helper.Logging [http-nio-8080-exec-5] Method invoked class salesSystem.Controller.SaleController : updateSale() arguments : [{"id":"faYOjE0cr0eznZITtlJCjw==","seller":"Samar","client":{"id":"usxM9pH0h0aGxyzSFZ5TKA==","name":null,"lastName":null,"mobile":null},"creationDate":"30/1/2022"}]
2022-02-16 07:20:52,377 INFO salesSystem.Helper.Logging [http-nio-8080-exec-5] Method invoked class salesSystem.Service.SaleService : updateSale() arguments : [{"id":"faYOjE0cr0eznZITtlJCjw==","seller":"Samar","client":{"id":"usxM9pH0h0aGxyzSFZ5TKA==","name":null,"lastName":null,"mobile":null},"creationDate":"30/1/2022"}]
2022-02-16 07:20:52,385 INFO salesSystem.Helper.Logging [http-nio-8080-exec-5] Method invoked class jdk.proxy2.$Proxy102 : save() arguments : [{"id":"faYOjE0cr0eznZITtlJCjw==","seller":"Samar","client":{"id":"usxM9pH0h0aGxyzSFZ5TKA==","name":null,"lastName":null,"mobile":null},"creationDate":"30/1/2022"}]
2022-02-16 07:20:52,417 INFO salesSystem.Helper.Logging [http-nio-8080-exec-5] class jdk.proxy2.$Proxy102 : save() Response : {"id":"faYOjE0cr0eznZITtlJCjw==","seller":"Samar","client":{"id":"usxM9pH0h0aGxyzSFZ5TKA==","name":"Sumaya","lastName":"Ali","mobile":"00963937823211"},"creationDate":"30/1/2022"} Execution time : 26 ms
2022-02-16 07:20:52,417 INFO salesSystem.Helper.Logging [http-nio-8080-exec-5] class salesSystem.Service.SaleService : updateSale() Response : null Execution time : 39 ms
2022-02-16 07:20:52,418 INFO salesSystem.Helper.Logging [http-nio-8080-exec-5] class salesSystem.Controller.SaleController : updateSale() Response : null Execution time : 61 ms
